

Started GET "/" for 127.0.0.1 at 2017-05-17 21:39:25 +0200
Processing by PagesController#home as HTML
  Rendered pages/home.html.erb within layouts/application (387.9ms)
Completed 200 OK in 499ms (Views: 487.0ms | ActiveRecord: 0.0ms)


Started GET "/assets/background_twitter_blur.jpg" for 127.0.0.1 at 2017-05-17 21:39:26 +0200


Started POST "/pages/search_tweets" for 127.0.0.1 at 2017-05-17 21:39:34 +0200
Processing by PagesController#search_tweets as HTML
  Parameters: {"utf8"=>"✓", "authenticity_token"=>"INDsecMzfWPhd0QrfdfJ9v+CT+RmpPInQM29YFU6Wvl9VBa/ay23rIkRqr4IxODKoyadoQ7f71eh366otZFKQg==", "keywords"=>"i don't like you", "commit"=>""}
Completed 500 Internal Server Error in 38616ms (ActiveRecord: 0.0ms)

Twitter::Error::TooManyRequests (Rate limit exceeded):
  app/controllers/pages_controller.rb:98:in `prepare_tweets'
  app/controllers/pages_controller.rb:51:in `search_tweets'


  Rendered /home/raphael/.rvm/gems/ruby-2.3.3/gems/actionpack-4.2.6/lib/action_dispatch/middleware/templates/rescues/_source.erb (6.9ms)
  Rendered /home/raphael/.rvm/gems/ruby-2.3.3/gems/actionpack-4.2.6/lib/action_dispatch/middleware/templates/rescues/_trace.html.erb (2.6ms)
  Rendered /home/raphael/.rvm/gems/ruby-2.3.3/gems/actionpack-4.2.6/lib/action_dispatch/middleware/templates/rescues/_request_and_response.html.erb (0.8ms)
  Rendered /home/raphael/.rvm/gems/ruby-2.3.3/gems/actionpack-4.2.6/lib/action_dispatch/middleware/templates/rescues/diagnostics.html.erb within rescues/layout (41.2ms)
  Rendered /home/raphael/.rvm/gems/ruby-2.3.3/gems/web-console-2.3.0/lib/web_console/templates/_markup.html.erb (0.3ms)
  Rendered /home/raphael/.rvm/gems/ruby-2.3.3/gems/web-console-2.3.0/lib/web_console/templates/_inner_console_markup.html.erb within layouts/inlined_string (0.4ms)
  Rendered /home/raphael/.rvm/gems/ruby-2.3.3/gems/web-console-2.3.0/lib/web_console/templates/_prompt_box_markup.html.erb within layouts/inlined_string (0.3ms)
  Rendered /home/raphael/.rvm/gems/ruby-2.3.3/gems/web-console-2.3.0/lib/web_console/templates/style.css.erb within layouts/inlined_string (0.3ms)
  Rendered /home/raphael/.rvm/gems/ruby-2.3.3/gems/web-console-2.3.0/lib/web_console/templates/console.js.erb within layouts/javascript (38.8ms)
  Rendered /home/raphael/.rvm/gems/ruby-2.3.3/gems/web-console-2.3.0/lib/web_console/templates/main.js.erb within layouts/javascript (0.3ms)
  Rendered /home/raphael/.rvm/gems/ruby-2.3.3/gems/web-console-2.3.0/lib/web_console/templates/error_page.js.erb within layouts/javascript (0.3ms)
  Rendered /home/raphael/.rvm/gems/ruby-2.3.3/gems/web-console-2.3.0/lib/web_console/templates/index.html.erb (83.5ms)


Started POST "/pages/search_tweets" for 127.0.0.1 at 2017-05-17 21:42:05 +0200
Processing by PagesController#search_tweets as HTML
  Parameters: {"utf8"=>"✓", "authenticity_token"=>"INDsecMzfWPhd0QrfdfJ9v+CT+RmpPInQM29YFU6Wvl9VBa/ay23rIkRqr4IxODKoyadoQ7f71eh366otZFKQg==", "keywords"=>"i don't like you", "commit"=>""}
Completed 500 Internal Server Error in 221ms (ActiveRecord: 0.0ms)

Twitter::Error::TooManyRequests (Rate limit exceeded):
  app/controllers/pages_controller.rb:51:in `search_tweets'


  Rendered /home/raphael/.rvm/gems/ruby-2.3.3/gems/actionpack-4.2.6/lib/action_dispatch/middleware/templates/rescues/_source.erb (4.4ms)
  Rendered /home/raphael/.rvm/gems/ruby-2.3.3/gems/actionpack-4.2.6/lib/action_dispatch/middleware/templates/rescues/_trace.html.erb (2.0ms)
  Rendered /home/raphael/.rvm/gems/ruby-2.3.3/gems/actionpack-4.2.6/lib/action_dispatch/middleware/templates/rescues/_request_and_response.html.erb (0.8ms)
  Rendered /home/raphael/.rvm/gems/ruby-2.3.3/gems/actionpack-4.2.6/lib/action_dispatch/middleware/templates/rescues/diagnostics.html.erb within rescues/layout (38.8ms)
  Rendered /home/raphael/.rvm/gems/ruby-2.3.3/gems/web-console-2.3.0/lib/web_console/templates/_markup.html.erb (0.3ms)
  Rendered /home/raphael/.rvm/gems/ruby-2.3.3/gems/web-console-2.3.0/lib/web_console/templates/_inner_console_markup.html.erb within layouts/inlined_string (0.2ms)
  Rendered /home/raphael/.rvm/gems/ruby-2.3.3/gems/web-console-2.3.0/lib/web_console/templates/_prompt_box_markup.html.erb within layouts/inlined_string (0.3ms)
  Rendered /home/raphael/.rvm/gems/ruby-2.3.3/gems/web-console-2.3.0/lib/web_console/templates/style.css.erb within layouts/inlined_string (0.4ms)
  Rendered /home/raphael/.rvm/gems/ruby-2.3.3/gems/web-console-2.3.0/lib/web_console/templates/console.js.erb within layouts/javascript (35.1ms)
  Rendered /home/raphael/.rvm/gems/ruby-2.3.3/gems/web-console-2.3.0/lib/web_console/templates/main.js.erb within layouts/javascript (0.3ms)
  Rendered /home/raphael/.rvm/gems/ruby-2.3.3/gems/web-console-2.3.0/lib/web_console/templates/error_page.js.erb within layouts/javascript (0.4ms)
  Rendered /home/raphael/.rvm/gems/ruby-2.3.3/gems/web-console-2.3.0/lib/web_console/templates/index.html.erb (77.5ms)


Started POST "/pages/search_tweets" for 127.0.0.1 at 2017-05-17 21:52:21 +0200
Processing by PagesController#search_tweets as HTML
  Parameters: {"utf8"=>"✓", "authenticity_token"=>"INDsecMzfWPhd0QrfdfJ9v+CT+RmpPInQM29YFU6Wvl9VBa/ay23rIkRqr4IxODKoyadoQ7f71eh366otZFKQg==", "keywords"=>"i don't like you", "commit"=>""}
Completed   in 523259ms (ActiveRecord: 0.0ms)
